<?xml version="1.0" encoding="UTF-8"?>
<!-- Generated by org.testng.reporters.JUnitReportReporter -->
<testsuite hostname="DESKTOP-KNDOVRP" failures="0" tests="2" name="demo.TestNGIgnoreDemo" time="0.024" errors="0" timestamp="04 Mar 2020 15:34:38 GMT" skipped="1">
  <testcase classname="demo.TestNGIgnoreDemo" name="test2" time="0.024"/>
  <testcase classname="demo.TestNGIgnoreDemo" name="test1">
    <skipped/>
  </testcase> <!-- test1 -->
</testsuite> <!-- demo.TestNGIgnoreDemo -->
