<?xml version="1.0" encoding="UTF-8"?>
<!-- Generated by org.testng.reporters.JUnitReportReporter -->
<testsuite hostname="DESKTOP-KNDOVRP" failures="0" tests="1" name="demo.TestNGParamsDemo" time="0.023" errors="0" timestamp="04 Mar 2020 15:11:02 GMT" skipped="0">
  <testcase classname="demo.TestNGParamsDemo" name="test" time="0.023"/>
</testsuite> <!-- demo.TestNGParamsDemo -->
