<?xml version="1.0" encoding="UTF-8"?>
<!-- Generated by org.testng.reporters.JUnitReportReporter -->
<testsuite hostname="DESKTOP-KNDOVRP" failures="0" tests="3" name="prioritydemo.TestNGPriorityDemo" time="0.036" errors="0" timestamp="04 Mar 2020 13:33:46 GMT" skipped="0">
  <testcase classname="prioritydemo.TestNGPriorityDemo" name="test3" time="0.031"/>
  <testcase classname="prioritydemo.TestNGPriorityDemo" name="test2" time="0.003"/>
  <testcase classname="prioritydemo.TestNGPriorityDemo" name="test1" time="0.002"/>
</testsuite> <!-- prioritydemo.TestNGPriorityDemo -->
