<?xml version="1.0" encoding="UTF-8"?>
<!-- Generated by org.testng.reporters.JUnitReportReporter -->
<testsuite hostname="DESKTOP-KNDOVRP" failures="0" tests="1" name="test.TestNG_Demo" time="4.578" errors="0" timestamp="2020-03-02T18:31:25 EAT" skipped="0">
  <testcase classname="test.TestNG_Demo" name="googleSearch" time="4.578"/>
  <system-out/>
</testsuite> <!-- test.TestNG_Demo -->
