<?xml version="1.0" encoding="UTF-8"?>
<!-- Generated by org.testng.reporters.JUnitReportReporter -->
<testsuite hostname="DESKTOP-KNDOVRP" failures="0" tests="2" name="test.ExtentReportsDemoWithTestNG" time="7.612" errors="0" timestamp="2020-02-26T18:55:40 EAT" skipped="0">
  <testcase classname="test.ExtentReportsDemoWithTestNG" name="test1" time="7.607"/>
  <system-out/>
  <testcase classname="test.ExtentReportsDemoWithTestNG" name="test2" time="0.005"/>
  <system-out/>
</testsuite> <!-- test.ExtentReportsDemoWithTestNG -->
