<?xml version="1.0" encoding="UTF-8"?>
<!-- Generated by org.testng.reporters.JUnitReportReporter -->
<testsuite hostname="DESKTOP-KNDOVRP" failures="0" tests="3" name="demo.TestNGGroupsDemo" time="0.027" errors="0" timestamp="04 Mar 2020 14:42:07 GMT" skipped="0">
  <testcase classname="demo.TestNGGroupsDemo" name="test3" time="0.002"/>
  <testcase classname="demo.TestNGGroupsDemo" name="test1" time="0.021"/>
  <testcase classname="demo.TestNGGroupsDemo" name="test2" time="0.004"/>
</testsuite> <!-- demo.TestNGGroupsDemo -->
