<?xml version="1.0" encoding="UTF-8"?>
<!-- Generated by org.testng.reporters.JUnitReportReporter -->
<testsuite hostname="DESKTOP-KNDOVRP" failures="0" tests="2" name="utils.ExcelDataProvider" time="8.470" errors="0" timestamp="2020-03-03T16:14:15 EAT" skipped="0">
  <testcase classname="utils.ExcelDataProvider" name="test1" time="2.959"/>
  <system-out/>
  <testcase classname="utils.ExcelDataProvider" name="test1" time="5.511"/>
  <system-out/>
</testsuite> <!-- utils.ExcelDataProvider -->
